# JRE version: Java(TM) SE Runtime Environment (8.0_151-b12) (build 1.8.0_151-b12)
# Java VM: Java HotSpot(TM) 64-Bit Server VM (25.151-b12 mixed mode windows-amd64 compressed oops)
Heap:
 PSYoungGen      total 76288K, used 12667K [0x000000076ac00000, 0x0000000770100000, 0x00000007c0000000)
  eden space 65536K, 19% used [0x000000076ac00000,0x000000076b85efc8,0x000000076ec00000)
  from space 10752K, 0% used [0x000000076f680000,0x000000076f680000,0x0000000770100000)
  to   space 10752K, 0% used [0x000000076ec00000,0x000000076ec00000,0x000000076f680000)
 ParOldGen       total 96768K, used 23161K [0x00000006c0400000, 0x00000006c6280000, 0x000000076ac00000)
  object space 96768K, 23% used [0x00000006c0400000,0x00000006c1a9e6c8,0x00000006c6280000)
 Metaspace       used 20447K, capacity 21876K, committed 22016K, reserved 1069056K
  class space    used 3003K, capacity 3283K, committed 3328K, reserved 1048576K
GC Heap History (6 events):
Event: 1.140 GC heap before
{Heap before GC invocations=1 (full 0):
 PSYoungGen      total 76288K, used 65536K [0x000000076ac00000, 0x0000000770100000, 0x00000007c0000000)
  eden space 65536K, 100% used [0x000000076ac00000,0x000000076ec00000,0x000000076ec00000)
  from space 10752K, 0% used [0x000000076f680000,0x000000076f680000,0x0000000770100000)
  to   space 10752K, 0% used [0x000000076ec00000,0x000000076ec00000,0x000000076f680000)
 ParOldGen       total 175104K, used 0K [0x00000006c0400000, 0x00000006caf00000, 0x000000076ac00000)
  object space 175104K, 0% used [0x00000006c0400000,0x00000006c0400000,0x00000006caf00000)
 Metaspace       used 17595K, capacity 18676K, committed 18816K, reserved 1064960K
  class space    used 2665K, capacity 2909K, committed 2944K, reserved 1048576K
Event: 1.147 GC heap after
Heap after GC invocations=1 (full 0):
 PSYoungGen      total 76288K, used 10720K [0x000000076ac00000, 0x0000000770100000, 0x00000007c0000000)
  eden space 65536K, 0% used [0x000000076ac00000,0x000000076ac00000,0x000000076ec00000)
  from space 10752K, 99% used [0x000000076ec00000,0x000000076f678060,0x000000076f680000)
  to   space 10752K, 0% used [0x000000076f680000,0x000000076f680000,0x0000000770100000)
 ParOldGen       total 175104K, used 7428K [0x00000006c0400000, 0x00000006caf00000, 0x000000076ac00000)
  object space 175104K, 4% used [0x00000006c0400000,0x00000006c0b41018,0x00000006caf00000)
 Metaspace       used 17595K, capacity 18676K, committed 18816K, reserved 1064960K
  class space    used 2665K, capacity 2909K, committed 2944K, reserved 1048576K
}
Event: 6.893 GC heap before
{Heap before GC invocations=2 (full 0):
 PSYoungGen      total 76288K, used 28129K [0x000000076ac00000, 0x0000000770100000, 0x00000007c0000000)
  eden space 65536K, 26% used [0x000000076ac00000,0x000000076bd00470,0x000000076ec00000)
  from space 10752K, 99% used [0x000000076ec00000,0x000000076f678060,0x000000076f680000)
  to   space 10752K, 0% used [0x000000076f680000,0x000000076f680000,0x0000000770100000)
 ParOldGen       total 175104K, used 7428K [0x00000006c0400000, 0x00000006caf00000, 0x000000076ac00000)
  object space 175104K, 4% used [0x00000006c0400000,0x00000006c0b41018,0x00000006caf00000)
 Metaspace       used 19795K, capacity 21096K, committed 21248K, reserved 1067008K
  class space    used 2964K, capacity 3219K, committed 3328K, reserved 1048576K
Event: 6.900 GC heap after
Heap after GC invocations=2 (full 0):
 PSYoungGen      total 76288K, used 10720K [0x000000076ac00000, 0x0000000770100000, 0x00000007c0000000)
  eden space 65536K, 0% used [0x000000076ac00000,0x000000076ac00000,0x000000076ec00000)
  from space 10752K, 99% used [0x000000076f680000,0x00000007700f8070,0x0000000770100000)
  to   space 10752K, 0% used [0x000000076ec00000,0x000000076ec00000,0x000000076f680000)
 ParOldGen       total 175104K, used 12835K [0x00000006c0400000, 0x00000006caf00000, 0x000000076ac00000)
  object space 175104K, 7% used [0x00000006c0400000,0x00000006c1088d70,0x00000006caf00000)
 Metaspace       used 19795K, capacity 21096K, committed 21248K, reserved 1067008K
  class space    used 2964K, capacity 3219K, committed 3328K, reserved 1048576K
}
Event: 6.900 GC heap before
{Heap before GC invocations=3 (full 1):
 PSYoungGen      total 76288K, used 10720K [0x000000076ac00000, 0x0000000770100000, 0x00000007c0000000)
  eden space 65536K, 0% used [0x000000076ac00000,0x000000076ac00000,0x000000076ec00000)
  from space 10752K, 99% used [0x000000076f680000,0x00000007700f8070,0x0000000770100000)
  to   space 10752K, 0% used [0x000000076ec00000,0x000000076ec00000,0x000000076f680000)
 ParOldGen       total 175104K, used 12835K [0x00000006c0400000, 0x00000006caf00000, 0x000000076ac00000)
  object space 175104K, 7% used [0x00000006c0400000,0x00000006c1088d70,0x00000006caf00000)
 Metaspace       used 19795K, capacity 21096K, committed 21248K, reserved 1067008K
  class space    used 2964K, capacity 3219K, committed 3328K, reserved 1048576K
Event: 6.945 GC heap after
Heap after GC invocations=3 (full 1):
 PSYoungGen      total 76288K, used 0K [0x000000076ac00000, 0x0000000770100000, 0x00000007c0000000)
  eden space 65536K, 0% used [0x000000076ac00000,0x000000076ac00000,0x000000076ec00000)
  from space 10752K, 0% used [0x000000076f680000,0x000000076f680000,0x0000000770100000)
  to   space 10752K, 0% used [0x000000076ec00000,0x000000076ec00000,0x000000076f680000)
 ParOldGen       total 96768K, used 23161K [0x00000006c0400000, 0x00000006c6280000, 0x000000076ac00000)
  object space 96768K, 23% used [0x00000006c0400000,0x00000006c1a9e6c8,0x00000006c6280000)
 Metaspace       used 19795K, capacity 21096K, committed 21248K, reserved 1067008K
  class space    used 2964K, capacity 3219K, committed 3328K, reserved 1048576K
}

